Using pre-set license
Built from '2021.3/staging' branch; Version is '2021.3.15f1 (e8e88683f834) revision 15263878'; Using compiler version '192829333'; Build Type 'Release'
OS: 'Windows 11  (10.0.22621) 64bit Core' Language: 'en' Physical Memory: 32671 MB
BatchMode: 1, IsHumanControllingUs: 0, StartBugReporterOnCrash: 0, Is64bit: 1, IsPro: 1

COMMAND LINE ARGUMENTS:
C:\Program Files\Unity\Hub\Editor\2021.3.15f1\Editor\Unity.exe
-adb2
-batchMode
-noUpm
-name
AssetImportWorker0
-projectPath
C:/Users/ryanl/Documents/GitHub/Bobblehead-Wars
-logFile
Logs/AssetImportWorker0.log
-srvPort
52221
Successfully changed project path to: C:/Users/ryanl/Documents/GitHub/Bobblehead-Wars
C:/Users/ryanl/Documents/GitHub/Bobblehead-Wars
[UnityMemory] Configuration Parameters - Can be set up in boot.config
    "memorysetup-bucket-allocator-granularity=16"
    "memorysetup-bucket-allocator-bucket-count=8"
    "memorysetup-bucket-allocator-block-size=33554432"
    "memorysetup-bucket-allocator-block-count=8"
    "memorysetup-main-allocator-block-size=16777216"
    "memorysetup-thread-allocator-block-size=16777216"
    "memorysetup-gfx-main-allocator-block-size=16777216"
    "memorysetup-gfx-thread-allocator-block-size=16777216"
    "memorysetup-cache-allocator-block-size=4194304"
    "memorysetup-typetree-allocator-block-size=2097152"
    "memorysetup-profiler-bucket-allocator-granularity=16"
    "memorysetup-profiler-bucket-allocator-bucket-count=8"
    "memorysetup-profiler-bucket-allocator-block-size=33554432"
    "memorysetup-profiler-bucket-allocator-block-count=8"
    "memorysetup-profiler-allocator-block-size=16777216"
    "memorysetup-profiler-editor-allocator-block-size=1048576"
    "memorysetup-temp-allocator-size-main=16777216"
    "memorysetup-job-temp-allocator-block-size=2097152"
    "memorysetup-job-temp-allocator-block-size-background=1048576"
    "memorysetup-job-temp-allocator-reduction-small-platforms=262144"
    "memorysetup-temp-allocator-size-background-worker=32768"
    "memorysetup-temp-allocator-size-job-worker=262144"
    "memorysetup-temp-allocator-size-preload-manager=33554432"
    "memorysetup-temp-allocator-size-nav-mesh-worker=65536"
    "memorysetup-temp-allocator-size-audio-worker=65536"
    "memorysetup-temp-allocator-size-cloud-worker=32768"
    "memorysetup-temp-allocator-size-gi-baking-worker=262144"
    "memorysetup-temp-allocator-size-gfx=262144"
Player connection [41700] Host "[IP] 192.168.84.120 [Port] 0 [Flags] 2 [Guid] 785012200 [EditorId] 785012200 [Version] 1048832 [Id] WindowsEditor(7,Ryans-Rig) [Debug] 1 [PackageName] WindowsEditor [ProjectName] Editor" joined multi-casting on [225.0.0.222:54997]...

Player connection [41700] Host "[IP] 192.168.84.120 [Port] 0 [Flags] 2 [Guid] 785012200 [EditorId] 785012200 [Version] 1048832 [Id] WindowsEditor(7,Ryans-Rig) [Debug] 1 [PackageName] WindowsEditor [ProjectName] Editor" joined alternative multi-casting on [225.0.0.222:34997]...

Refreshing native plugins compatible for Editor in 41.92 ms, found 2 plugins.
Preloading 0 native plugins for Editor in 0.00 ms.
Initialize engine version: 2021.3.15f1 (e8e88683f834)
[Subsystems] Discovering subsystems at path C:/Program Files/Unity/Hub/Editor/2021.3.15f1/Editor/Data/Resources/UnitySubsystems
[Subsystems] Discovering subsystems at path C:/Users/ryanl/Documents/GitHub/Bobblehead-Wars/Assets
GfxDevice: creating device client; threaded=0; jobified=0
Direct3D:
    Version:  Direct3D 11.0 [level 11.1]
    Renderer: AMD Radeon RX 5700 XT (ID=0x731f)
    Vendor:   ATI
    VRAM:     8150 MB
    Driver:   31.0.22011.1008
Initialize mono
Mono path[0] = 'C:/Program Files/Unity/Hub/Editor/2021.3.15f1/Editor/Data/Managed'
Mono path[1] = 'C:/Program Files/Unity/Hub/Editor/2021.3.15f1/Editor/Data/MonoBleedingEdge/lib/mono/unityjit-win32'
Mono config path = 'C:/Program Files/Unity/Hub/Editor/2021.3.15f1/Editor/Data/MonoBleedingEdge/etc'
Using monoOptions --debugger-agent=transport=dt_socket,embedding=1,server=y,suspend=n,address=127.0.0.1:56616
Begin MonoManager ReloadAssembly
Registering precompiled unity dll's ...
Register platform support module: C:/Program Files/Unity/Hub/Editor/2021.3.15f1/Editor/Data/PlaybackEngines/WindowsStandaloneSupport/UnityEditor.WindowsStandalone.Extensions.dll
Registered in 0.004731 seconds.
Native extension for WindowsStandalone target not found
Refreshing native plugins compatible for Editor in 34.64 ms, found 2 plugins.
Preloading 0 native plugins for Editor in 0.00 ms.
Mono: successfully reloaded assembly
- Completed reload, in  0.434 seconds
Domain Reload Profiling:
	ReloadAssembly (435ms)
		BeginReloadAssembly (54ms)
			ExecutionOrderSort (0ms)
			DisableScriptedObjects (0ms)
			BackupInstance (0ms)
			ReleaseScriptingObjects (0ms)
			CreateAndSetChildDomain (1ms)
		EndReloadAssembly (300ms)
			LoadAssemblies (52ms)
			RebuildTransferFunctionScriptingTraits (0ms)
			SetupTypeCache (67ms)
			ReleaseScriptCaches (0ms)
			RebuildScriptCaches (18ms)
			SetupLoadedEditorAssemblies (176ms)
				LogAssemblyErrors (0ms)
				InitializePlatformSupportModulesInManaged (6ms)
				SetLoadedEditorAssemblies (0ms)
				RefreshPlugins (35ms)
				BeforeProcessingInitializeOnLoad (1ms)
				ProcessInitializeOnLoadAttributes (101ms)
				ProcessInitializeOnLoadMethodAttributes (33ms)
				AfterProcessingInitializeOnLoad (0ms)
				EditorAssembliesLoaded (0ms)
			ExecutionOrderSort2 (0ms)
			AwakeInstancesAfterBackupRestoration (0ms)
Platform modules already initialized, skipping
Registering precompiled user dll's ...
Registered in 0.004472 seconds.
Begin MonoManager ReloadAssembly
Native extension for WindowsStandalone target not found
Refreshing native plugins compatible for Editor in 0.66 ms, found 2 plugins.
Preloading 0 native plugins for Editor in 0.00 ms.
Package Manager log level set to [2]
Mono: successfully reloaded assembly
- Completed reload, in  1.986 seconds
Domain Reload Profiling:
	ReloadAssembly (1987ms)
		BeginReloadAssembly (80ms)
			ExecutionOrderSort (0ms)
			DisableScriptedObjects (5ms)
			BackupInstance (0ms)
			ReleaseScriptingObjects (0ms)
			CreateAndSetChildDomain (15ms)
		EndReloadAssembly (1824ms)
			LoadAssemblies (56ms)
			RebuildTransferFunctionScriptingTraits (0ms)
			SetupTypeCache (121ms)
			ReleaseScriptCaches (0ms)
			RebuildScriptCaches (35ms)
			SetupLoadedEditorAssemblies (1575ms)
				LogAssemblyErrors (0ms)
				InitializePlatformSupportModulesInManaged (4ms)
				SetLoadedEditorAssemblies (0ms)
				RefreshPlugins (1ms)
				BeforeProcessingInitializeOnLoad (60ms)
				ProcessInitializeOnLoadAttributes (1403ms)
				ProcessInitializeOnLoadMethodAttributes (98ms)
				AfterProcessingInitializeOnLoad (8ms)
				EditorAssembliesLoaded (0ms)
			ExecutionOrderSort2 (0ms)
			AwakeInstancesAfterBackupRestoration (6ms)
Platform modules already initialized, skipping
========================================================================
Worker process is ready to serve import requests
Launched and connected shader compiler UnityShaderCompiler.exe after 0.04 seconds
Refreshing native plugins compatible for Editor in 1.20 ms, found 2 plugins.
Preloading 0 native plugins for Editor in 0.00 ms.
Unloading 2415 Unused Serialized files (Serialized files now loaded: 0)
Unloading 60 unused Assets / (57.1 KB). Loaded Objects now: 2852.
Memory consumption went from 92.4 MB to 92.3 MB.
Total: 7.928900 ms (FindLiveObjects: 0.322700 ms CreateObjectMapping: 0.157400 ms MarkObjects: 7.360800 ms  DeleteObjects: 0.086600 ms)

AssetImportParameters requested are different than current active one (requested -> active):
  custom:video-decoder-ogg-theora: a1e56fd34408186e4bbccfd4996cb3dc -> 
  custom:container-muxer-webm: aa71ff27fc2769a1b78a27578f13a17b -> 
  custom:container-demuxer-webm: 4f35f7cbe854078d1ac9338744f61a02 -> 
  custom:video-encoder-webm-vp8: eb34c28f22e8b96e1ab97ce403110664 -> 
  custom:audio-encoder-webm-vorbis: bf7c407c2cedff20999df2af8eb42d56 -> 
  custom:framework-win-MediaFoundation: 216162199b28c13a410421893ffa2e32 -> 
  custom:container-demuxer-ogg: 62fdf1f143b41e24485cea50d1cbac27 -> 
  custom:video-decoder-webm-vp8: 9c59270c3fd7afecdb556c50c9e8de78 -> 
  custom:audio-decoder-ogg-vorbis: bf7c407c2cedff20999df2af8eb42d56 -> 
========================================================================
Received Import Request.
  Time since last request: 68741.095323 seconds.
  path: Assets/Scripts
  artifactKey: Guid(734247419ff250e46b79a1e4b8b73251) Importer(815301076,1909f56bfc062723c751e8b465ee728b)
Start importing Assets/Scripts using Guid(734247419ff250e46b79a1e4b8b73251) Importer(815301076,1909f56bfc062723c751e8b465ee728b)  -> (artifact id: '27885a5d3adac72413ffc71980a6425b') in 0.008896 seconds 
========================================================================
Received Import Request.
  Time since last request: 36.015488 seconds.
  path: Assets/Materials
  artifactKey: Guid(a883b0b6bb47ac94ab9cf63af8677140) Importer(815301076,1909f56bfc062723c751e8b465ee728b)
Start importing Assets/Materials using Guid(a883b0b6bb47ac94ab9cf63af8677140) Importer(815301076,1909f56bfc062723c751e8b465ee728b)  -> (artifact id: '56874cd3151c387210c04af1a2cce6d4') in 0.005291 seconds 
========================================================================
Received Import Request.
  Time since last request: 0.737201 seconds.
  path: Assets/Materials/Materials
  artifactKey: Guid(d0a1ec90aaff9f348a77f7d104a1b5b6) Importer(815301076,1909f56bfc062723c751e8b465ee728b)
Start importing Assets/Materials/Materials using Guid(d0a1ec90aaff9f348a77f7d104a1b5b6) Importer(815301076,1909f56bfc062723c751e8b465ee728b)  -> (artifact id: '82f7c760348beac215b8205c0287d65b') in 0.001736 seconds 
========================================================================
Received Import Request.
  Time since last request: 0.067059 seconds.
  path: Assets/Materials/Materials/BobbleArena-Main_Texture.mat
  artifactKey: Guid(8cac07023f5698841aee95adac719dc7) Importer(815301076,1909f56bfc062723c751e8b465ee728b)
Start importing Assets/Materials/Materials/BobbleArena-Main_Texture.mat using Guid(8cac07023f5698841aee95adac719dc7) Importer(815301076,1909f56bfc062723c751e8b465ee728b)  -> (artifact id: '3404d24ea17503bb404b2469bd092573') in 0.166086 seconds 
========================================================================
Received Import Request.
  Time since last request: 0.000015 seconds.
  path: Assets/Materials/Materials/BobbleArena-unnamed.mat
  artifactKey: Guid(d339a488c789deb4f8ef1ce7c899d977) Importer(815301076,1909f56bfc062723c751e8b465ee728b)
Start importing Assets/Materials/Materials/BobbleArena-unnamed.mat using Guid(d339a488c789deb4f8ef1ce7c899d977) Importer(815301076,1909f56bfc062723c751e8b465ee728b)  -> (artifact id: '6c63418d6535ad55754eb3a72357e77b') in 0.010159 seconds 
========================================================================
Received Import Request.
  Time since last request: 0.000023 seconds.
  path: Assets/Materials/Materials/Main_Texture.mat
  artifactKey: Guid(f9402ba26f3539147b9622f0c521405e) Importer(815301076,1909f56bfc062723c751e8b465ee728b)
Start importing Assets/Materials/Materials/Main_Texture.mat using Guid(f9402ba26f3539147b9622f0c521405e) Importer(815301076,1909f56bfc062723c751e8b465ee728b)  -> (artifact id: '7fe0d0843f08d9c6c9a97d57a338132e') in 0.010978 seconds 
========================================================================
Received Import Request.
  Time since last request: 0.000016 seconds.
  path: Assets/Materials/Materials/BobbleEnemy-Body-Main_Texture__Bobble_Wars_Enemy_texture_psd.mat
  artifactKey: Guid(dba2eea2e6dab22419e6bf50496ab0a1) Importer(815301076,1909f56bfc062723c751e8b465ee728b)
Start importing Assets/Materials/Materials/BobbleEnemy-Body-Main_Texture__Bobble_Wars_Enemy_texture_psd.mat using Guid(dba2eea2e6dab22419e6bf50496ab0a1) Importer(815301076,1909f56bfc062723c751e8b465ee728b)  -> (artifact id: 'a52fec4a630353677a6ad7f0a8f960b5') in 0.010382 seconds 
========================================================================
Received Import Request.
  Time since last request: 0.000016 seconds.
  path: Assets/Materials/Materials/Material.mat
  artifactKey: Guid(8888722ff726a9546a19c2189f0ddb5e) Importer(815301076,1909f56bfc062723c751e8b465ee728b)
Start importing Assets/Materials/Materials/Material.mat using Guid(8888722ff726a9546a19c2189f0ddb5e) Importer(815301076,1909f56bfc062723c751e8b465ee728b)  -> (artifact id: '5e3168c612676d8d1d665cbecafbdfcf') in 0.009502 seconds 
========================================================================
Received Import Request.
  Time since last request: 0.000015 seconds.
  path: Assets/Materials/Materials/glow.mat
  artifactKey: Guid(25970b5ac1857d64ba0f2eedb1fc13fc) Importer(815301076,1909f56bfc062723c751e8b465ee728b)
Start importing Assets/Materials/Materials/glow.mat using Guid(25970b5ac1857d64ba0f2eedb1fc13fc) Importer(815301076,1909f56bfc062723c751e8b465ee728b)  -> (artifact id: 'db6913ccdf973f51bf5df6a0902d1676') in 0.073510 seconds 
========================================================================
Received Import Request.
  Time since last request: 36.369237 seconds.
  path: Assets/Models/BobbleArena-Column.blend
  artifactKey: Guid(7efbd8df4f8f248a58d8a33c88abe034) Importer(815301076,1909f56bfc062723c751e8b465ee728b)
Start importing Assets/Models/BobbleArena-Column.blend using Guid(7efbd8df4f8f248a58d8a33c88abe034) Importer(815301076,1909f56bfc062723c751e8b465ee728b)  -> (artifact id: 'ba652da66f11f712dcd0bba329c7dd82') in 0.052435 seconds 
========================================================================
Received Import Request.
  Time since last request: 0.000015 seconds.
  path: Assets/Models/BobbleEnemy-Head.fbx
  artifactKey: Guid(c62bb7c342d064be783edcee0d6a5064) Importer(815301076,1909f56bfc062723c751e8b465ee728b)
Start importing Assets/Models/BobbleEnemy-Head.fbx using Guid(c62bb7c342d064be783edcee0d6a5064) Importer(815301076,1909f56bfc062723c751e8b465ee728b)  -> (artifact id: '1327d843f88cdbdcbc6ff18e71d44cda') in 0.020222 seconds 
========================================================================
Received Import Request.
  Time since last request: 0.000019 seconds.
  path: Assets/Models/Pickup.fbx
  artifactKey: Guid(596f17f5f6d5a433b9d367360ec103a9) Importer(815301076,1909f56bfc062723c751e8b465ee728b)
Start importing Assets/Models/Pickup.fbx using Guid(596f17f5f6d5a433b9d367360ec103a9) Importer(815301076,1909f56bfc062723c751e8b465ee728b)  -> (artifact id: '7c5092eee42a88618d79d3a2bd8aeba4') in 0.025334 seconds 
========================================================================
Received Import Request.
  Time since last request: 0.000017 seconds.
  path: Assets/Models/BobbleMarine-Body.fbx
  artifactKey: Guid(a510fe5ccb3a1864bb724f383c8f2db4) Importer(815301076,1909f56bfc062723c751e8b465ee728b)
Start importing Assets/Models/BobbleMarine-Body.fbx using Guid(a510fe5ccb3a1864bb724f383c8f2db4) Importer(815301076,1909f56bfc062723c751e8b465ee728b)  -> (artifact id: '6bdce59e16ca3d26c0955884d06f286f') in 0.074202 seconds 
========================================================================
Received Import Request.
  Time since last request: 36.187822 seconds.
  path: Assets/Sounds/bw_bg.ogg
  artifactKey: Guid(c913da143d1341c4a8ca22e0717e79a2) Importer(815301076,1909f56bfc062723c751e8b465ee728b)
Start importing Assets/Sounds/bw_bg.ogg using Guid(c913da143d1341c4a8ca22e0717e79a2) Importer(815301076,1909f56bfc062723c751e8b465ee728b)  -> (artifact id: '274b9a94ce55c93f8043ded3be4fafe3') in 0.024144 seconds 
========================================================================
Received Import Request.
  Time since last request: 0.000015 seconds.
  path: Assets/Sounds/bw_shoot.ogg
  artifactKey: Guid(5601eca1dfa29004bb6fa92fb60c7feb) Importer(815301076,1909f56bfc062723c751e8b465ee728b)
Start importing Assets/Sounds/bw_shoot.ogg using Guid(5601eca1dfa29004bb6fa92fb60c7feb) Importer(815301076,1909f56bfc062723c751e8b465ee728b)  -> (artifact id: '0c4985a8b62c7f6169b42a50f00acfd1') in 0.008944 seconds 
Editor requested this worker to shutdown with reason: Scaling down because of idle timeout
AssetImportWorker is now disconnected from the server
Process exiting
Exiting without the bug reporter. Application will terminate with return code 0